<?xml version="1.0" encoding="UTF-8"?>
<!-- Generated by org.testng.reporters.JUnitReportReporter -->
<testsuite hostname="LAPTOP-B4VCAB38" failures="0" tests="1" name="com.mindtree.testCases.TC_SearchTest__008" time="9.743" errors="0" timestamp="20 May 2022 13:06:31 GMT" skipped="0">
  <testcase classname="com.mindtree.testCases.TC_SearchTest__008" name="SearchTest" time="9.743"/>
</testsuite> <!-- com.mindtree.testCases.TC_SearchTest__008 -->
