<?xml version="1.0" encoding="UTF-8"?>
<!-- Generated by org.testng.reporters.JUnitReportReporter -->
<testsuite hostname="LAPTOP-B4VCAB38" failures="0" tests="1" name="com.mindtree.testCases.TC_AboutusTest_004" time="10.770" errors="0" timestamp="20 May 2022 13:06:31 GMT" skipped="0">
  <testcase classname="com.mindtree.testCases.TC_AboutusTest_004" name="StudyTest" time="10.770"/>
</testsuite> <!-- com.mindtree.testCases.TC_AboutusTest_004 -->
